<?xml version="1.0" encoding="UTF-8"?>
<!-- Generated by org.testng.reporters.JUnitReportReporter -->
<testsuite hostname="SnookiE" failures="0" tests="1" name="com.application.testcases.Login" time="2.541" errors="0" timestamp="2024-10-27T23:11:16 EET" skipped="0">
  <testcase classname="com.application.testcases.Login" name="LoginApp" time="2.541"/>
</testsuite> <!-- com.application.testcases.Login -->
