<?xml version="1.0" encoding="UTF-8"?>
<!-- Generated by org.testng.reporters.JUnitReportReporter -->
<testsuite hostname="SnookiE" failures="0" tests="1" name="com.application.testcases.Login" time="2.727" errors="0" timestamp="2024-10-28T16:18:41 EET" skipped="0">
  <testcase classname="com.application.testcases.Login" name="LoginApp" time="2.727"/>
  <system-out>
    <![CDATA[Setting up reports - Test ready
Config Done - Test Started
Starting browser - Browser Ready
Browser Running
Test is about to end
Test done - Reports generated]]>
  </system-out>
</testsuite> <!-- com.application.testcases.Login -->
